2025-11-28T15:13:30.816+08:00  INFO 32448 --- [demo] [main] com.lw.demo.DemoApplication              : Starting DemoApplication using Java 17.0.12 with PID 32448 (D:\Project\Git\lw3574910958-sys\myapp\demo\target\classes started by ASUS in D:\Project\Git\lw3574910958-sys\myapp)
2025-11-28T15:13:30.820+08:00  INFO 32448 --- [demo] [main] com.lw.demo.DemoApplication              : No active profile set, falling back to 1 default profile: "default"
2025-11-28T15:13:31.548+08:00  INFO 32448 --- [demo] [main] .s.d.r.c.RepositoryConfigurationDelegate : Bootstrapping Spring Data JPA repositories in DEFAULT mode.
2025-11-28T15:13:31.705+08:00  INFO 32448 --- [demo] [main] .s.d.r.c.RepositoryConfigurationDelegate : Finished Spring Data repository scanning in 148 ms. Found 1 JPA repository interface.
2025-11-28T15:13:32.185+08:00  INFO 32448 --- [demo] [main] o.s.boot.tomcat.TomcatWebServer          : Tomcat initialized with port 8080 (http)
2025-11-28T15:13:32.200+08:00  INFO 32448 --- [demo] [main] o.apache.catalina.core.StandardService   : Starting service [Tomcat]
2025-11-28T15:13:32.200+08:00  INFO 32448 --- [demo] [main] o.apache.catalina.core.StandardEngine    : Starting Servlet engine: [Apache Tomcat/11.0.14]
2025-11-28T15:13:32.318+08:00  INFO 32448 --- [demo] [main] b.w.c.s.WebApplicationContextInitializer : Root WebApplicationContext: initialization completed in 1450 ms
2025-11-28T15:13:32.412+08:00  INFO 32448 --- [demo] [main] com.zaxxer.hikari.HikariDataSource       : HikariPool-1 - Starting...
2025-11-28T15:13:32.608+08:00  INFO 32448 --- [demo] [main] com.zaxxer.hikari.pool.HikariPool        : HikariPool-1 - Added connection conn0: url=jdbc:h2:mem:demo user=SA
2025-11-28T15:13:32.610+08:00  INFO 32448 --- [demo] [main] com.zaxxer.hikari.HikariDataSource       : HikariPool-1 - Start completed.
2025-11-28T15:13:32.711+08:00  INFO 32448 --- [demo] [main] o.hibernate.jpa.internal.util.LogHelper  : HHH000204: Processing PersistenceUnitInfo [name: default]
2025-11-28T15:13:32.776+08:00  INFO 32448 --- [demo] [main] org.hibernate.Version                    : HHH000412: Hibernate ORM core version 7.1.8.Final
2025-11-28T15:13:33.317+08:00  INFO 32448 --- [demo] [main] o.s.o.j.p.SpringPersistenceUnitInfo      : No LoadTimeWeaver setup: ignoring JPA class transformer
2025-11-28T15:13:33.412+08:00  INFO 32448 --- [demo] [main] org.hibernate.orm.connections.pooling    : HHH10001005: Database info:
	Database JDBC URL [jdbc:h2:mem:demo]
	Database driver: H2 JDBC Driver
	Database dialect: H2Dialect
	Database version: 2.4.240
	Default catalog/schema: DEMO/PUBLIC
	Autocommit mode: undefined/unknown
	Isolation level: READ_COMMITTED [default READ_COMMITTED]
	JDBC fetch size: 100
	Pool: DatasourceConnectionProviderImpl
	Minimum pool size: undefined/unknown
	Maximum pool size: undefined/unknown
2025-11-28T15:13:34.266+08:00  INFO 32448 --- [demo] [main] o.h.e.t.j.p.i.JtaPlatformInitiator       : HHH000489: No JTA platform available (set 'hibernate.transaction.jta.platform' to enable JTA platform integration)
2025-11-28T15:13:34.323+08:00  INFO 32448 --- [demo] [main] j.LocalContainerEntityManagerFactoryBean : Initialized JPA EntityManagerFactory for persistence unit 'default'
2025-11-28T15:13:34.395+08:00  INFO 32448 --- [demo] [main] o.s.d.j.r.query.QueryEnhancerFactories   : Hibernate is in classpath; If applicable, HQL parser will be used.
2025-11-28T15:13:34.500+08:00  WARN 32448 --- [demo] [main] JpaBaseConfiguration$JpaWebConfiguration : spring.jpa.open-in-view is enabled by default. Therefore, database queries may be performed during view rendering. Explicitly configure spring.jpa.open-in-view to disable this warning
2025-11-28T15:13:34.539+08:00  INFO 32448 --- [demo] [main] o.s.v.b.OptionalValidatorFactoryBean     : Failed to set up a Bean Validation provider: jakarta.validation.NoProviderFoundException: Unable to create a Configuration, because no Jakarta Validation provider could be found. Add a provider like Hibernate Validator (RI) to your classpath.
2025-11-28T15:13:34.930+08:00  INFO 32448 --- [demo] [main] o.s.boot.tomcat.TomcatWebServer          : Tomcat started on port 8080 (http) with context path '/'
2025-11-28T15:13:34.936+08:00  INFO 32448 --- [demo] [main] com.lw.demo.DemoApplication              : Started DemoApplication in 4.669 seconds (process running for 5.601)
2025-11-28T15:20:09.166+08:00  INFO 32448 --- [demo] [SpringApplicationShutdownHook] o.s.boot.tomcat.GracefulShutdown         : Commencing graceful shutdown. Waiting for active requests to complete
2025-11-28T15:20:09.314+08:00  INFO 32448 --- [demo] [tomcat-shutdown] o.s.boot.tomcat.GracefulShutdown         : Graceful shutdown complete
2025-11-28T15:20:09.317+08:00  INFO 32448 --- [demo] [SpringApplicationShutdownHook] j.LocalContainerEntityManagerFactoryBean : Closing JPA EntityManagerFactory for persistence unit 'default'
2025-11-28T15:20:09.318+08:00  INFO 32448 --- [demo] [SpringApplicationShutdownHook] com.zaxxer.hikari.HikariDataSource       : HikariPool-1 - Shutdown initiated...
2025-11-28T15:20:09.320+08:00  INFO 32448 --- [demo] [SpringApplicationShutdownHook] com.zaxxer.hikari.HikariDataSource       : HikariPool-1 - Shutdown completed.
2025-11-28T16:16:30.283+08:00  INFO 2556 --- [demo] [restartedMain] com.lw.demo.DemoApplication              : Starting DemoApplication using Java 17.0.12 with PID 2556 (D:\Project\Git\lw3574910958-sys\myapp\demo\target\classes started by ASUS in D:\Project\Git\lw3574910958-sys\myapp)
2025-11-28T16:16:30.288+08:00  INFO 2556 --- [demo] [restartedMain] com.lw.demo.DemoApplication              : No active profile set, falling back to 1 default profile: "default"
2025-11-28T16:16:30.349+08:00  INFO 2556 --- [demo] [restartedMain] .e.DevToolsPropertyDefaultsPostProcessor : Devtools property defaults active! Set 'spring.devtools.add-properties' to 'false' to disable
2025-11-28T16:16:30.350+08:00  INFO 2556 --- [demo] [restartedMain] .e.DevToolsPropertyDefaultsPostProcessor : For additional web related logging consider setting the 'logging.level.web' property to 'DEBUG'
2025-11-28T16:16:31.526+08:00  INFO 2556 --- [demo] [restartedMain] .s.d.r.c.RepositoryConfigurationDelegate : Bootstrapping Spring Data JPA repositories in DEFAULT mode.
2025-11-28T16:16:31.755+08:00  INFO 2556 --- [demo] [restartedMain] .s.d.r.c.RepositoryConfigurationDelegate : Finished Spring Data repository scanning in 218 ms. Found 1 JPA repository interface.
2025-11-28T16:16:32.397+08:00  INFO 2556 --- [demo] [restartedMain] o.s.boot.tomcat.TomcatWebServer          : Tomcat initialized with port 8080 (http)
2025-11-28T16:16:32.419+08:00  INFO 2556 --- [demo] [restartedMain] o.apache.catalina.core.StandardService   : Starting service [Tomcat]
2025-11-28T16:16:32.419+08:00  INFO 2556 --- [demo] [restartedMain] o.apache.catalina.core.StandardEngine    : Starting Servlet engine: [Apache Tomcat/11.0.14]
2025-11-28T16:16:32.552+08:00  INFO 2556 --- [demo] [restartedMain] b.w.c.s.WebApplicationContextInitializer : Root WebApplicationContext: initialization completed in 2201 ms
2025-11-28T16:16:32.667+08:00  INFO 2556 --- [demo] [restartedMain] com.zaxxer.hikari.HikariDataSource       : HikariPool-1 - Starting...
2025-11-28T16:16:32.930+08:00  INFO 2556 --- [demo] [restartedMain] com.zaxxer.hikari.pool.HikariPool        : HikariPool-1 - Added connection conn0: url=jdbc:h2:mem:demo user=SA
2025-11-28T16:16:32.932+08:00  INFO 2556 --- [demo] [restartedMain] com.zaxxer.hikari.HikariDataSource       : HikariPool-1 - Start completed.
2025-11-28T16:16:33.052+08:00  INFO 2556 --- [demo] [restartedMain] o.hibernate.jpa.internal.util.LogHelper  : HHH000204: Processing PersistenceUnitInfo [name: default]
2025-11-28T16:16:33.165+08:00  INFO 2556 --- [demo] [restartedMain] org.hibernate.Version                    : HHH000412: Hibernate ORM core version 7.1.8.Final
2025-11-28T16:16:33.862+08:00  INFO 2556 --- [demo] [restartedMain] o.s.o.j.p.SpringPersistenceUnitInfo      : No LoadTimeWeaver setup: ignoring JPA class transformer
2025-11-28T16:16:33.995+08:00  INFO 2556 --- [demo] [restartedMain] org.hibernate.orm.connections.pooling    : HHH10001005: Database info:
	Database JDBC URL [jdbc:h2:mem:demo]
	Database driver: H2 JDBC Driver
	Database dialect: H2Dialect
	Database version: 2.4.240
	Default catalog/schema: DEMO/PUBLIC
	Autocommit mode: undefined/unknown
	Isolation level: READ_COMMITTED [default READ_COMMITTED]
	JDBC fetch size: 100
	Pool: DatasourceConnectionProviderImpl
	Minimum pool size: undefined/unknown
	Maximum pool size: undefined/unknown
2025-11-28T16:16:35.106+08:00  INFO 2556 --- [demo] [restartedMain] o.h.e.t.j.p.i.JtaPlatformInitiator       : HHH000489: No JTA platform available (set 'hibernate.transaction.jta.platform' to enable JTA platform integration)
2025-11-28T16:16:35.178+08:00  INFO 2556 --- [demo] [restartedMain] j.LocalContainerEntityManagerFactoryBean : Initialized JPA EntityManagerFactory for persistence unit 'default'
2025-11-28T16:16:35.217+08:00  WARN 2556 --- [demo] [restartedMain] ConfigServletWebServerApplicationContext : Exception encountered during context initialization - cancelling refresh attempt: org.springframework.beans.factory.UnsatisfiedDependencyException: Error creating bean with name 'webConfig' defined in file [D:\Project\Git\lw3574910958-sys\myapp\demo\target\classes\com\lw\demo\config\WebConfig.class]: Unsatisfied dependency expressed through constructor parameter 0: No qualifying bean of type 'org.springframework.context.support.ResourceBundleMessageSource' available: expected at least 1 bean which qualifies as autowire candidate. Dependency annotations: {}
2025-11-28T16:16:35.218+08:00  INFO 2556 --- [demo] [restartedMain] j.LocalContainerEntityManagerFactoryBean : Closing JPA EntityManagerFactory for persistence unit 'default'
2025-11-28T16:16:35.224+08:00  WARN 2556 --- [demo] [restartedMain] o.s.b.f.support.DisposableBeanAdapter    : Invocation of destroy method failed on bean with name 'inMemoryDatabaseShutdownExecutor': org.h2.jdbc.JdbcSQLNonTransientConnectionException: Database is already closed (to disable automatic closing at VM shutdown, add ";DB_CLOSE_ON_EXIT=FALSE" to the db URL) [90121-240]
2025-11-28T16:16:35.224+08:00  INFO 2556 --- [demo] [restartedMain] com.zaxxer.hikari.HikariDataSource       : HikariPool-1 - Shutdown initiated...
2025-11-28T16:16:35.226+08:00  INFO 2556 --- [demo] [restartedMain] com.zaxxer.hikari.HikariDataSource       : HikariPool-1 - Shutdown completed.
2025-11-28T16:16:35.228+08:00  INFO 2556 --- [demo] [restartedMain] o.apache.catalina.core.StandardService   : Stopping service [Tomcat]
2025-11-28T16:16:35.238+08:00  INFO 2556 --- [demo] [restartedMain] .s.b.a.l.ConditionEvaluationReportLogger : 

Error starting ApplicationContext. To display the condition evaluation report re-run your application with 'debug' enabled.
2025-11-28T16:16:35.261+08:00 ERROR 2556 --- [demo] [restartedMain] o.s.b.d.LoggingFailureAnalysisReporter   : 

***************************
APPLICATION FAILED TO START
***************************

Description:

Parameter 0 of constructor in com.lw.demo.config.WebConfig required a bean of type 'org.springframework.context.support.ResourceBundleMessageSource' that could not be found.


Action:

Consider defining a bean of type 'org.springframework.context.support.ResourceBundleMessageSource' in your configuration.

2025-11-28T16:22:44.065+08:00  INFO 15584 --- [demo] [restartedMain] com.lw.demo.DemoApplication              : Starting DemoApplication using Java 17.0.12 with PID 15584 (D:\Project\Git\lw3574910958-sys\myapp\demo\target\classes started by ASUS in D:\Project\Git\lw3574910958-sys\myapp)
2025-11-28T16:22:44.070+08:00  INFO 15584 --- [demo] [restartedMain] com.lw.demo.DemoApplication              : No active profile set, falling back to 1 default profile: "default"
2025-11-28T16:22:44.125+08:00  INFO 15584 --- [demo] [restartedMain] .e.DevToolsPropertyDefaultsPostProcessor : Devtools property defaults active! Set 'spring.devtools.add-properties' to 'false' to disable
2025-11-28T16:22:44.126+08:00  INFO 15584 --- [demo] [restartedMain] .e.DevToolsPropertyDefaultsPostProcessor : For additional web related logging consider setting the 'logging.level.web' property to 'DEBUG'
2025-11-28T16:22:45.051+08:00  INFO 15584 --- [demo] [restartedMain] .s.d.r.c.RepositoryConfigurationDelegate : Bootstrapping Spring Data JPA repositories in DEFAULT mode.
2025-11-28T16:22:45.223+08:00  INFO 15584 --- [demo] [restartedMain] .s.d.r.c.RepositoryConfigurationDelegate : Finished Spring Data repository scanning in 163 ms. Found 1 JPA repository interface.
2025-11-28T16:22:45.766+08:00  INFO 15584 --- [demo] [restartedMain] o.s.boot.tomcat.TomcatWebServer          : Tomcat initialized with port 8080 (http)
2025-11-28T16:22:45.781+08:00  INFO 15584 --- [demo] [restartedMain] o.apache.catalina.core.StandardService   : Starting service [Tomcat]
2025-11-28T16:22:45.781+08:00  INFO 15584 --- [demo] [restartedMain] o.apache.catalina.core.StandardEngine    : Starting Servlet engine: [Apache Tomcat/11.0.14]
2025-11-28T16:22:45.892+08:00  INFO 15584 --- [demo] [restartedMain] b.w.c.s.WebApplicationContextInitializer : Root WebApplicationContext: initialization completed in 1766 ms
2025-11-28T16:22:45.986+08:00  INFO 15584 --- [demo] [restartedMain] com.zaxxer.hikari.HikariDataSource       : HikariPool-1 - Starting...
2025-11-28T16:22:46.200+08:00  INFO 15584 --- [demo] [restartedMain] com.zaxxer.hikari.pool.HikariPool        : HikariPool-1 - Added connection conn0: url=jdbc:h2:mem:demo user=SA
2025-11-28T16:22:46.202+08:00  INFO 15584 --- [demo] [restartedMain] com.zaxxer.hikari.HikariDataSource       : HikariPool-1 - Start completed.
2025-11-28T16:22:46.299+08:00  INFO 15584 --- [demo] [restartedMain] o.hibernate.jpa.internal.util.LogHelper  : HHH000204: Processing PersistenceUnitInfo [name: default]
2025-11-28T16:22:46.371+08:00  INFO 15584 --- [demo] [restartedMain] org.hibernate.Version                    : HHH000412: Hibernate ORM core version 7.1.8.Final
2025-11-28T16:22:46.947+08:00  INFO 15584 --- [demo] [restartedMain] o.s.o.j.p.SpringPersistenceUnitInfo      : No LoadTimeWeaver setup: ignoring JPA class transformer
2025-11-28T16:22:47.037+08:00  INFO 15584 --- [demo] [restartedMain] org.hibernate.orm.connections.pooling    : HHH10001005: Database info:
	Database JDBC URL [jdbc:h2:mem:demo]
	Database driver: H2 JDBC Driver
	Database dialect: H2Dialect
	Database version: 2.4.240
	Default catalog/schema: DEMO/PUBLIC
	Autocommit mode: undefined/unknown
	Isolation level: READ_COMMITTED [default READ_COMMITTED]
	JDBC fetch size: 100
	Pool: DatasourceConnectionProviderImpl
	Minimum pool size: undefined/unknown
	Maximum pool size: undefined/unknown
2025-11-28T16:22:48.196+08:00  INFO 15584 --- [demo] [restartedMain] o.h.e.t.j.p.i.JtaPlatformInitiator       : HHH000489: No JTA platform available (set 'hibernate.transaction.jta.platform' to enable JTA platform integration)
2025-11-28T16:22:48.299+08:00  INFO 15584 --- [demo] [restartedMain] j.LocalContainerEntityManagerFactoryBean : Initialized JPA EntityManagerFactory for persistence unit 'default'
2025-11-28T16:22:48.368+08:00  WARN 15584 --- [demo] [restartedMain] ConfigServletWebServerApplicationContext : Exception encountered during context initialization - cancelling refresh attempt: org.springframework.beans.factory.UnsatisfiedDependencyException: Error creating bean with name 'webConfig' defined in file [D:\Project\Git\lw3574910958-sys\myapp\demo\target\classes\com\lw\demo\config\WebConfig.class]: Unsatisfied dependency expressed through constructor parameter 0: No qualifying bean of type 'org.springframework.context.support.ResourceBundleMessageSource' available: expected at least 1 bean which qualifies as autowire candidate. Dependency annotations: {}
2025-11-28T16:22:48.369+08:00  INFO 15584 --- [demo] [restartedMain] j.LocalContainerEntityManagerFactoryBean : Closing JPA EntityManagerFactory for persistence unit 'default'
2025-11-28T16:22:48.380+08:00  WARN 15584 --- [demo] [restartedMain] o.s.b.f.support.DisposableBeanAdapter    : Invocation of destroy method failed on bean with name 'inMemoryDatabaseShutdownExecutor': org.h2.jdbc.JdbcSQLNonTransientConnectionException: Database is already closed (to disable automatic closing at VM shutdown, add ";DB_CLOSE_ON_EXIT=FALSE" to the db URL) [90121-240]
2025-11-28T16:22:48.381+08:00  INFO 15584 --- [demo] [restartedMain] com.zaxxer.hikari.HikariDataSource       : HikariPool-1 - Shutdown initiated...
2025-11-28T16:22:48.383+08:00  INFO 15584 --- [demo] [restartedMain] com.zaxxer.hikari.HikariDataSource       : HikariPool-1 - Shutdown completed.
2025-11-28T16:22:48.386+08:00  INFO 15584 --- [demo] [restartedMain] o.apache.catalina.core.StandardService   : Stopping service [Tomcat]
2025-11-28T16:22:48.398+08:00  INFO 15584 --- [demo] [restartedMain] .s.b.a.l.ConditionEvaluationReportLogger : 

Error starting ApplicationContext. To display the condition evaluation report re-run your application with 'debug' enabled.
2025-11-28T16:22:48.436+08:00 ERROR 15584 --- [demo] [restartedMain] o.s.b.d.LoggingFailureAnalysisReporter   : 

***************************
APPLICATION FAILED TO START
***************************

Description:

Parameter 0 of constructor in com.lw.demo.config.WebConfig required a bean of type 'org.springframework.context.support.ResourceBundleMessageSource' that could not be found.


Action:

Consider defining a bean of type 'org.springframework.context.support.ResourceBundleMessageSource' in your configuration.

2025-11-28T16:53:17.397+08:00  INFO 1424 --- [demo] [restartedMain] com.lw.demo.DemoApplication              : Starting DemoApplication using Java 17.0.12 with PID 1424 (D:\Project\Git\lw3574910958-sys\myapp\demo\target\classes started by ASUS in D:\Project\Git\lw3574910958-sys\myapp)
2025-11-28T16:53:17.401+08:00  INFO 1424 --- [demo] [restartedMain] com.lw.demo.DemoApplication              : No active profile set, falling back to 1 default profile: "default"
2025-11-28T16:53:17.456+08:00  INFO 1424 --- [demo] [restartedMain] .e.DevToolsPropertyDefaultsPostProcessor : Devtools property defaults active! Set 'spring.devtools.add-properties' to 'false' to disable
2025-11-28T16:53:17.456+08:00  INFO 1424 --- [demo] [restartedMain] .e.DevToolsPropertyDefaultsPostProcessor : For additional web related logging consider setting the 'logging.level.web' property to 'DEBUG'
2025-11-28T16:53:18.340+08:00  INFO 1424 --- [demo] [restartedMain] .s.d.r.c.RepositoryConfigurationDelegate : Bootstrapping Spring Data JPA repositories in DEFAULT mode.
2025-11-28T16:53:18.553+08:00  INFO 1424 --- [demo] [restartedMain] .s.d.r.c.RepositoryConfigurationDelegate : Finished Spring Data repository scanning in 203 ms. Found 1 JPA repository interface.
2025-11-28T16:53:19.152+08:00  INFO 1424 --- [demo] [restartedMain] o.s.boot.tomcat.TomcatWebServer          : Tomcat initialized with port 8080 (http)
2025-11-28T16:53:19.169+08:00  INFO 1424 --- [demo] [restartedMain] o.apache.catalina.core.StandardService   : Starting service [Tomcat]
2025-11-28T16:53:19.169+08:00  INFO 1424 --- [demo] [restartedMain] o.apache.catalina.core.StandardEngine    : Starting Servlet engine: [Apache Tomcat/11.0.14]
2025-11-28T16:53:19.282+08:00  INFO 1424 --- [demo] [restartedMain] b.w.c.s.WebApplicationContextInitializer : Root WebApplicationContext: initialization completed in 1825 ms
2025-11-28T16:53:19.372+08:00  INFO 1424 --- [demo] [restartedMain] com.zaxxer.hikari.HikariDataSource       : HikariPool-1 - Starting...
2025-11-28T16:53:19.611+08:00  INFO 1424 --- [demo] [restartedMain] com.zaxxer.hikari.pool.HikariPool        : HikariPool-1 - Added connection conn0: url=jdbc:h2:mem:demo user=SA
2025-11-28T16:53:19.614+08:00  INFO 1424 --- [demo] [restartedMain] com.zaxxer.hikari.HikariDataSource       : HikariPool-1 - Start completed.
2025-11-28T16:53:19.727+08:00  INFO 1424 --- [demo] [restartedMain] o.hibernate.jpa.internal.util.LogHelper  : HHH000204: Processing PersistenceUnitInfo [name: default]
2025-11-28T16:53:19.827+08:00  INFO 1424 --- [demo] [restartedMain] org.hibernate.Version                    : HHH000412: Hibernate ORM core version 7.1.8.Final
2025-11-28T16:53:20.548+08:00  INFO 1424 --- [demo] [restartedMain] o.s.o.j.p.SpringPersistenceUnitInfo      : No LoadTimeWeaver setup: ignoring JPA class transformer
2025-11-28T16:53:20.661+08:00  INFO 1424 --- [demo] [restartedMain] org.hibernate.orm.connections.pooling    : HHH10001005: Database info:
	Database JDBC URL [jdbc:h2:mem:demo]
	Database driver: H2 JDBC Driver
	Database dialect: H2Dialect
	Database version: 2.4.240
	Default catalog/schema: DEMO/PUBLIC
	Autocommit mode: undefined/unknown
	Isolation level: READ_COMMITTED [default READ_COMMITTED]
	JDBC fetch size: 100
	Pool: DatasourceConnectionProviderImpl
	Minimum pool size: undefined/unknown
	Maximum pool size: undefined/unknown
2025-11-28T16:53:21.694+08:00  INFO 1424 --- [demo] [restartedMain] o.h.e.t.j.p.i.JtaPlatformInitiator       : HHH000489: No JTA platform available (set 'hibernate.transaction.jta.platform' to enable JTA platform integration)
2025-11-28T16:53:21.763+08:00  INFO 1424 --- [demo] [restartedMain] j.LocalContainerEntityManagerFactoryBean : Initialized JPA EntityManagerFactory for persistence unit 'default'
2025-11-28T16:53:21.802+08:00  WARN 1424 --- [demo] [restartedMain] ConfigServletWebServerApplicationContext : Exception encountered during context initialization - cancelling refresh attempt: org.springframework.beans.factory.UnsatisfiedDependencyException: Error creating bean with name 'webConfig' defined in file [D:\Project\Git\lw3574910958-sys\myapp\demo\target\classes\com\lw\demo\config\WebConfig.class]: Unsatisfied dependency expressed through constructor parameter 0: Error creating bean with name 'webConfig': Requested bean is currently in creation: Is there an unresolvable circular reference or an asynchronous initialization dependency?
2025-11-28T16:53:21.802+08:00  INFO 1424 --- [demo] [restartedMain] j.LocalContainerEntityManagerFactoryBean : Closing JPA EntityManagerFactory for persistence unit 'default'
2025-11-28T16:53:21.809+08:00  WARN 1424 --- [demo] [restartedMain] o.s.b.f.support.DisposableBeanAdapter    : Invocation of destroy method failed on bean with name 'inMemoryDatabaseShutdownExecutor': org.h2.jdbc.JdbcSQLNonTransientConnectionException: Database is already closed (to disable automatic closing at VM shutdown, add ";DB_CLOSE_ON_EXIT=FALSE" to the db URL) [90121-240]
2025-11-28T16:53:21.809+08:00  INFO 1424 --- [demo] [restartedMain] com.zaxxer.hikari.HikariDataSource       : HikariPool-1 - Shutdown initiated...
2025-11-28T16:53:21.811+08:00  INFO 1424 --- [demo] [restartedMain] com.zaxxer.hikari.HikariDataSource       : HikariPool-1 - Shutdown completed.
2025-11-28T16:53:21.813+08:00  INFO 1424 --- [demo] [restartedMain] o.apache.catalina.core.StandardService   : Stopping service [Tomcat]
2025-11-28T16:53:21.823+08:00  INFO 1424 --- [demo] [restartedMain] .s.b.a.l.ConditionEvaluationReportLogger : 

Error starting ApplicationContext. To display the condition evaluation report re-run your application with 'debug' enabled.
2025-11-28T16:53:21.843+08:00 ERROR 1424 --- [demo] [restartedMain] o.s.b.d.LoggingFailureAnalysisReporter   : 

***************************
APPLICATION FAILED TO START
***************************

Description:

The dependencies of some of the beans in the application context form a cycle:

┌──->──┐
|  webConfig defined in file [D:\Project\Git\lw3574910958-sys\myapp\demo\target\classes\com\lw\demo\config\WebConfig.class]
└──<-──┘


Action:

Relying upon circular references is discouraged and they are prohibited by default. Update your application to remove the dependency cycle between beans. As a last resort, it may be possible to break the cycle automatically by setting spring.main.allow-circular-references to true.

2025-11-28T17:05:45.230+08:00  INFO 28520 --- [demo] [restartedMain] com.lw.demo.DemoApplication              : Starting DemoApplication using Java 17.0.12 with PID 28520 (D:\Project\Git\lw3574910958-sys\myapp\demo\target\classes started by ASUS in D:\Project\Git\lw3574910958-sys\myapp)
2025-11-28T17:05:45.236+08:00  INFO 28520 --- [demo] [restartedMain] com.lw.demo.DemoApplication              : No active profile set, falling back to 1 default profile: "default"
2025-11-28T17:05:45.304+08:00  INFO 28520 --- [demo] [restartedMain] .e.DevToolsPropertyDefaultsPostProcessor : Devtools property defaults active! Set 'spring.devtools.add-properties' to 'false' to disable
2025-11-28T17:05:45.304+08:00  INFO 28520 --- [demo] [restartedMain] .e.DevToolsPropertyDefaultsPostProcessor : For additional web related logging consider setting the 'logging.level.web' property to 'DEBUG'
2025-11-28T17:05:46.344+08:00  INFO 28520 --- [demo] [restartedMain] .s.d.r.c.RepositoryConfigurationDelegate : Bootstrapping Spring Data JPA repositories in DEFAULT mode.
2025-11-28T17:05:46.558+08:00  INFO 28520 --- [demo] [restartedMain] .s.d.r.c.RepositoryConfigurationDelegate : Finished Spring Data repository scanning in 204 ms. Found 1 JPA repository interface.
2025-11-28T17:05:47.169+08:00  INFO 28520 --- [demo] [restartedMain] o.s.boot.tomcat.TomcatWebServer          : Tomcat initialized with port 8080 (http)
2025-11-28T17:05:47.190+08:00  INFO 28520 --- [demo] [restartedMain] o.apache.catalina.core.StandardService   : Starting service [Tomcat]
2025-11-28T17:05:47.191+08:00  INFO 28520 --- [demo] [restartedMain] o.apache.catalina.core.StandardEngine    : Starting Servlet engine: [Apache Tomcat/11.0.14]
2025-11-28T17:05:47.301+08:00  INFO 28520 --- [demo] [restartedMain] b.w.c.s.WebApplicationContextInitializer : Root WebApplicationContext: initialization completed in 1996 ms
2025-11-28T17:05:47.394+08:00  INFO 28520 --- [demo] [restartedMain] com.zaxxer.hikari.HikariDataSource       : HikariPool-1 - Starting...
2025-11-28T17:05:47.629+08:00  INFO 28520 --- [demo] [restartedMain] com.zaxxer.hikari.pool.HikariPool        : HikariPool-1 - Added connection conn0: url=jdbc:h2:mem:demo user=SA
2025-11-28T17:05:47.631+08:00  INFO 28520 --- [demo] [restartedMain] com.zaxxer.hikari.HikariDataSource       : HikariPool-1 - Start completed.
2025-11-28T17:05:47.738+08:00  INFO 28520 --- [demo] [restartedMain] o.hibernate.jpa.internal.util.LogHelper  : HHH000204: Processing PersistenceUnitInfo [name: default]
2025-11-28T17:05:47.835+08:00  INFO 28520 --- [demo] [restartedMain] org.hibernate.Version                    : HHH000412: Hibernate ORM core version 7.1.8.Final
2025-11-28T17:05:48.527+08:00  INFO 28520 --- [demo] [restartedMain] o.s.o.j.p.SpringPersistenceUnitInfo      : No LoadTimeWeaver setup: ignoring JPA class transformer
2025-11-28T17:05:48.641+08:00  INFO 28520 --- [demo] [restartedMain] org.hibernate.orm.connections.pooling    : HHH10001005: Database info:
	Database JDBC URL [jdbc:h2:mem:demo]
	Database driver: H2 JDBC Driver
	Database dialect: H2Dialect
	Database version: 2.4.240
	Default catalog/schema: DEMO/PUBLIC
	Autocommit mode: undefined/unknown
	Isolation level: READ_COMMITTED [default READ_COMMITTED]
	JDBC fetch size: 100
	Pool: DatasourceConnectionProviderImpl
	Minimum pool size: undefined/unknown
	Maximum pool size: undefined/unknown
2025-11-28T17:05:49.651+08:00  INFO 28520 --- [demo] [restartedMain] o.h.e.t.j.p.i.JtaPlatformInitiator       : HHH000489: No JTA platform available (set 'hibernate.transaction.jta.platform' to enable JTA platform integration)
2025-11-28T17:05:49.725+08:00  INFO 28520 --- [demo] [restartedMain] j.LocalContainerEntityManagerFactoryBean : Initialized JPA EntityManagerFactory for persistence unit 'default'
2025-11-28T17:05:49.767+08:00  WARN 28520 --- [demo] [restartedMain] ConfigServletWebServerApplicationContext : Exception encountered during context initialization - cancelling refresh attempt: org.springframework.beans.factory.UnsatisfiedDependencyException: Error creating bean with name 'webConfig' defined in file [D:\Project\Git\lw3574910958-sys\myapp\demo\target\classes\com\lw\demo\config\WebConfig.class]: Unsatisfied dependency expressed through constructor parameter 0: No qualifying bean of type 'org.springframework.context.support.ResourceBundleMessageSource' available: expected at least 1 bean which qualifies as autowire candidate. Dependency annotations: {}
2025-11-28T17:05:49.768+08:00  INFO 28520 --- [demo] [restartedMain] j.LocalContainerEntityManagerFactoryBean : Closing JPA EntityManagerFactory for persistence unit 'default'
2025-11-28T17:05:49.776+08:00  WARN 28520 --- [demo] [restartedMain] o.s.b.f.support.DisposableBeanAdapter    : Invocation of destroy method failed on bean with name 'inMemoryDatabaseShutdownExecutor': org.h2.jdbc.JdbcSQLNonTransientConnectionException: Database is already closed (to disable automatic closing at VM shutdown, add ";DB_CLOSE_ON_EXIT=FALSE" to the db URL) [90121-240]
2025-11-28T17:05:49.776+08:00  INFO 28520 --- [demo] [restartedMain] com.zaxxer.hikari.HikariDataSource       : HikariPool-1 - Shutdown initiated...
2025-11-28T17:05:49.778+08:00  INFO 28520 --- [demo] [restartedMain] com.zaxxer.hikari.HikariDataSource       : HikariPool-1 - Shutdown completed.
2025-11-28T17:05:49.779+08:00  INFO 28520 --- [demo] [restartedMain] o.apache.catalina.core.StandardService   : Stopping service [Tomcat]
2025-11-28T17:05:49.790+08:00  INFO 28520 --- [demo] [restartedMain] .s.b.a.l.ConditionEvaluationReportLogger : 

Error starting ApplicationContext. To display the condition evaluation report re-run your application with 'debug' enabled.
2025-11-28T17:05:49.812+08:00 ERROR 28520 --- [demo] [restartedMain] o.s.b.d.LoggingFailureAnalysisReporter   : 

***************************
APPLICATION FAILED TO START
***************************

Description:

Parameter 0 of constructor in com.lw.demo.config.WebConfig required a bean of type 'org.springframework.context.support.ResourceBundleMessageSource' that could not be found.


Action:

Consider defining a bean of type 'org.springframework.context.support.ResourceBundleMessageSource' in your configuration.

2025-11-28T17:07:28.489+08:00  INFO 29268 --- [demo] [restartedMain] com.lw.demo.DemoApplication              : Starting DemoApplication using Java 17.0.12 with PID 29268 (D:\Project\Git\lw3574910958-sys\myapp\demo\target\classes started by ASUS in D:\Project\Git\lw3574910958-sys\myapp)
2025-11-28T17:07:28.495+08:00  INFO 29268 --- [demo] [restartedMain] com.lw.demo.DemoApplication              : No active profile set, falling back to 1 default profile: "default"
2025-11-28T17:07:28.556+08:00  INFO 29268 --- [demo] [restartedMain] .e.DevToolsPropertyDefaultsPostProcessor : Devtools property defaults active! Set 'spring.devtools.add-properties' to 'false' to disable
2025-11-28T17:07:28.556+08:00  INFO 29268 --- [demo] [restartedMain] .e.DevToolsPropertyDefaultsPostProcessor : For additional web related logging consider setting the 'logging.level.web' property to 'DEBUG'
2025-11-28T17:07:29.525+08:00  INFO 29268 --- [demo] [restartedMain] .s.d.r.c.RepositoryConfigurationDelegate : Bootstrapping Spring Data JPA repositories in DEFAULT mode.
2025-11-28T17:07:29.706+08:00  INFO 29268 --- [demo] [restartedMain] .s.d.r.c.RepositoryConfigurationDelegate : Finished Spring Data repository scanning in 170 ms. Found 1 JPA repository interface.
2025-11-28T17:07:30.300+08:00  INFO 29268 --- [demo] [restartedMain] o.s.boot.tomcat.TomcatWebServer          : Tomcat initialized with port 8080 (http)
2025-11-28T17:07:30.317+08:00  INFO 29268 --- [demo] [restartedMain] o.apache.catalina.core.StandardService   : Starting service [Tomcat]
2025-11-28T17:07:30.318+08:00  INFO 29268 --- [demo] [restartedMain] o.apache.catalina.core.StandardEngine    : Starting Servlet engine: [Apache Tomcat/11.0.14]
2025-11-28T17:07:30.426+08:00  INFO 29268 --- [demo] [restartedMain] b.w.c.s.WebApplicationContextInitializer : Root WebApplicationContext: initialization completed in 1869 ms
2025-11-28T17:07:30.517+08:00  INFO 29268 --- [demo] [restartedMain] com.zaxxer.hikari.HikariDataSource       : HikariPool-1 - Starting...
2025-11-28T17:07:30.707+08:00  INFO 29268 --- [demo] [restartedMain] com.zaxxer.hikari.pool.HikariPool        : HikariPool-1 - Added connection conn0: url=jdbc:h2:mem:demo user=SA
2025-11-28T17:07:30.709+08:00  INFO 29268 --- [demo] [restartedMain] com.zaxxer.hikari.HikariDataSource       : HikariPool-1 - Start completed.
2025-11-28T17:07:30.806+08:00  INFO 29268 --- [demo] [restartedMain] o.hibernate.jpa.internal.util.LogHelper  : HHH000204: Processing PersistenceUnitInfo [name: default]
2025-11-28T17:07:30.875+08:00  INFO 29268 --- [demo] [restartedMain] org.hibernate.Version                    : HHH000412: Hibernate ORM core version 7.1.8.Final
2025-11-28T17:07:31.462+08:00  INFO 29268 --- [demo] [restartedMain] o.s.o.j.p.SpringPersistenceUnitInfo      : No LoadTimeWeaver setup: ignoring JPA class transformer
2025-11-28T17:07:31.563+08:00  INFO 29268 --- [demo] [restartedMain] org.hibernate.orm.connections.pooling    : HHH10001005: Database info:
	Database JDBC URL [jdbc:h2:mem:demo]
	Database driver: H2 JDBC Driver
	Database dialect: H2Dialect
	Database version: 2.4.240
	Default catalog/schema: DEMO/PUBLIC
	Autocommit mode: undefined/unknown
	Isolation level: READ_COMMITTED [default READ_COMMITTED]
	JDBC fetch size: 100
	Pool: DatasourceConnectionProviderImpl
	Minimum pool size: undefined/unknown
	Maximum pool size: undefined/unknown
2025-11-28T17:07:32.483+08:00  INFO 29268 --- [demo] [restartedMain] o.h.e.t.j.p.i.JtaPlatformInitiator       : HHH000489: No JTA platform available (set 'hibernate.transaction.jta.platform' to enable JTA platform integration)
2025-11-28T17:07:32.543+08:00  INFO 29268 --- [demo] [restartedMain] j.LocalContainerEntityManagerFactoryBean : Initialized JPA EntityManagerFactory for persistence unit 'default'
2025-11-28T17:07:32.579+08:00  WARN 29268 --- [demo] [restartedMain] ConfigServletWebServerApplicationContext : Exception encountered during context initialization - cancelling refresh attempt: org.springframework.beans.factory.UnsatisfiedDependencyException: Error creating bean with name 'webConfig' defined in file [D:\Project\Git\lw3574910958-sys\myapp\demo\target\classes\com\lw\demo\config\WebConfig.class]: Unsatisfied dependency expressed through constructor parameter 0: Error creating bean with name 'webConfig': Requested bean is currently in creation: Is there an unresolvable circular reference or an asynchronous initialization dependency?
2025-11-28T17:07:32.579+08:00  INFO 29268 --- [demo] [restartedMain] j.LocalContainerEntityManagerFactoryBean : Closing JPA EntityManagerFactory for persistence unit 'default'
2025-11-28T17:07:32.586+08:00  WARN 29268 --- [demo] [restartedMain] o.s.b.f.support.DisposableBeanAdapter    : Invocation of destroy method failed on bean with name 'inMemoryDatabaseShutdownExecutor': org.h2.jdbc.JdbcSQLNonTransientConnectionException: Database is already closed (to disable automatic closing at VM shutdown, add ";DB_CLOSE_ON_EXIT=FALSE" to the db URL) [90121-240]
2025-11-28T17:07:32.586+08:00  INFO 29268 --- [demo] [restartedMain] com.zaxxer.hikari.HikariDataSource       : HikariPool-1 - Shutdown initiated...
2025-11-28T17:07:32.588+08:00  INFO 29268 --- [demo] [restartedMain] com.zaxxer.hikari.HikariDataSource       : HikariPool-1 - Shutdown completed.
2025-11-28T17:07:32.590+08:00  INFO 29268 --- [demo] [restartedMain] o.apache.catalina.core.StandardService   : Stopping service [Tomcat]
2025-11-28T17:07:32.598+08:00  INFO 29268 --- [demo] [restartedMain] .s.b.a.l.ConditionEvaluationReportLogger : 

Error starting ApplicationContext. To display the condition evaluation report re-run your application with 'debug' enabled.
2025-11-28T17:07:32.618+08:00 ERROR 29268 --- [demo] [restartedMain] o.s.b.d.LoggingFailureAnalysisReporter   : 

***************************
APPLICATION FAILED TO START
***************************

Description:

The dependencies of some of the beans in the application context form a cycle:

┌──->──┐
|  webConfig defined in file [D:\Project\Git\lw3574910958-sys\myapp\demo\target\classes\com\lw\demo\config\WebConfig.class]
└──<-──┘


Action:

Relying upon circular references is discouraged and they are prohibited by default. Update your application to remove the dependency cycle between beans. As a last resort, it may be possible to break the cycle automatically by setting spring.main.allow-circular-references to true.

